[0.148s] Invoking command in '/home/momesso/snake_driver/build/snake_driver': CMAKE_PREFIX_PATH=${CMAKE_PREFIX_PATH}:/home/momesso/snake_driver/install/serial_ctrl:/opt/ros/humble /usr/bin/cmake /home/momesso/snake_driver/src/snake_driver -DCMAKE_INSTALL_PREFIX=/home/momesso/snake_driver/install/snake_driver
[0.184s] -- The C compiler identification is GNU 11.4.0
[0.222s] -- The CXX compiler identification is GNU 11.4.0
[0.227s] -- Detecting C compiler ABI info
[0.274s] -- Detecting C compiler ABI info - done
[0.279s] -- Check for working C compiler: /usr/bin/cc - skipped
[0.279s] -- Detecting C compile features
[0.279s] -- Detecting C compile features - done
[0.281s] -- Detecting CXX compiler ABI info
[0.335s] -- Detecting CXX compiler ABI info - done
[0.340s] -- Check for working CXX compiler: /usr/bin/c++ - skipped
[0.340s] -- Detecting CXX compile features
[0.340s] -- Detecting CXX compile features - done
[0.341s] -- Found ament_cmake: 1.3.9 (/opt/ros/humble/share/ament_cmake/cmake)
[0.608s] -- Found Python3: /usr/bin/python3 (found version "3.10.12") found components: Interpreter 
[0.668s] -- Found ament_lint_auto: 0.12.11 (/opt/ros/humble/share/ament_lint_auto/cmake)
[0.721s] -- Added test 'lint_cmake' to check CMake code style
[0.722s] -- Added test 'xmllint' to check XML markup files
[0.723s] -- Configuring done
[0.724s] -- Generating done
[0.725s] -- Build files have been written to: /home/momesso/snake_driver/build/snake_driver
[0.728s] Invoked command in '/home/momesso/snake_driver/build/snake_driver' returned '0': CMAKE_PREFIX_PATH=${CMAKE_PREFIX_PATH}:/home/momesso/snake_driver/install/serial_ctrl:/opt/ros/humble /usr/bin/cmake /home/momesso/snake_driver/src/snake_driver -DCMAKE_INSTALL_PREFIX=/home/momesso/snake_driver/install/snake_driver
[0.730s] Invoking command in '/home/momesso/snake_driver/build/snake_driver': CMAKE_PREFIX_PATH=${CMAKE_PREFIX_PATH}:/home/momesso/snake_driver/install/serial_ctrl:/opt/ros/humble /usr/bin/cmake --build /home/momesso/snake_driver/build/snake_driver -- -j8 -l8
[0.755s] Invoked command in '/home/momesso/snake_driver/build/snake_driver' returned '0': CMAKE_PREFIX_PATH=${CMAKE_PREFIX_PATH}:/home/momesso/snake_driver/install/serial_ctrl:/opt/ros/humble /usr/bin/cmake --build /home/momesso/snake_driver/build/snake_driver -- -j8 -l8
[0.775s] Invoking command in '/home/momesso/snake_driver/build/snake_driver': CMAKE_PREFIX_PATH=${CMAKE_PREFIX_PATH}:/home/momesso/snake_driver/install/serial_ctrl:/opt/ros/humble /usr/bin/cmake --install /home/momesso/snake_driver/build/snake_driver
[0.780s] -- Install configuration: ""
[0.780s] -- Installing: /home/momesso/snake_driver/install/snake_driver/share/ament_index/resource_index/package_run_dependencies/snake_driver
[0.780s] -- Installing: /home/momesso/snake_driver/install/snake_driver/share/ament_index/resource_index/parent_prefix_path/snake_driver
[0.780s] -- Installing: /home/momesso/snake_driver/install/snake_driver/share/snake_driver/environment/ament_prefix_path.sh
[0.781s] -- Installing: /home/momesso/snake_driver/install/snake_driver/share/snake_driver/environment/ament_prefix_path.dsv
[0.781s] -- Installing: /home/momesso/snake_driver/install/snake_driver/share/snake_driver/environment/path.sh
[0.781s] -- Installing: /home/momesso/snake_driver/install/snake_driver/share/snake_driver/environment/path.dsv
[0.781s] -- Installing: /home/momesso/snake_driver/install/snake_driver/share/snake_driver/local_setup.bash
[0.781s] -- Installing: /home/momesso/snake_driver/install/snake_driver/share/snake_driver/local_setup.sh
[0.781s] -- Installing: /home/momesso/snake_driver/install/snake_driver/share/snake_driver/local_setup.zsh
[0.781s] -- Installing: /home/momesso/snake_driver/install/snake_driver/share/snake_driver/local_setup.dsv
[0.781s] -- Installing: /home/momesso/snake_driver/install/snake_driver/share/snake_driver/package.dsv
[0.781s] -- Installing: /home/momesso/snake_driver/install/snake_driver/share/ament_index/resource_index/packages/snake_driver
[0.781s] -- Installing: /home/momesso/snake_driver/install/snake_driver/share/snake_driver/cmake/snake_driverConfig.cmake
[0.781s] -- Installing: /home/momesso/snake_driver/install/snake_driver/share/snake_driver/cmake/snake_driverConfig-version.cmake
[0.781s] -- Installing: /home/momesso/snake_driver/install/snake_driver/share/snake_driver/package.xml
[0.783s] Invoked command in '/home/momesso/snake_driver/build/snake_driver' returned '0': CMAKE_PREFIX_PATH=${CMAKE_PREFIX_PATH}:/home/momesso/snake_driver/install/serial_ctrl:/opt/ros/humble /usr/bin/cmake --install /home/momesso/snake_driver/build/snake_driver
