[0.158s] Invoking command in '/home/momesso/snake_driver/build/snake_driver': CMAKE_PREFIX_PATH=${CMAKE_PREFIX_PATH}:/home/momesso/snake_driver/install/serial_ctrl:/opt/ros/humble /usr/bin/cmake --build /home/momesso/snake_driver/build/snake_driver -- -j8 -l8
[0.182s] Invoked command in '/home/momesso/snake_driver/build/snake_driver' returned '0': CMAKE_PREFIX_PATH=${CMAKE_PREFIX_PATH}:/home/momesso/snake_driver/install/serial_ctrl:/opt/ros/humble /usr/bin/cmake --build /home/momesso/snake_driver/build/snake_driver -- -j8 -l8
[0.204s] Invoking command in '/home/momesso/snake_driver/build/snake_driver': CMAKE_PREFIX_PATH=${CMAKE_PREFIX_PATH}:/home/momesso/snake_driver/install/serial_ctrl:/opt/ros/humble /usr/bin/cmake --install /home/momesso/snake_driver/build/snake_driver
[0.209s] -- Install configuration: ""
[0.209s] -- Up-to-date: /home/momesso/snake_driver/install/snake_driver/share/ament_index/resource_index/package_run_dependencies/snake_driver
[0.209s] -- Up-to-date: /home/momesso/snake_driver/install/snake_driver/share/ament_index/resource_index/parent_prefix_path/snake_driver
[0.209s] -- Up-to-date: /home/momesso/snake_driver/install/snake_driver/share/snake_driver/environment/ament_prefix_path.sh
[0.209s] -- Up-to-date: /home/momesso/snake_driver/install/snake_driver/share/snake_driver/environment/ament_prefix_path.dsv
[0.210s] -- Up-to-date: /home/momesso/snake_driver/install/snake_driver/share/snake_driver/environment/path.sh
[0.210s] -- Up-to-date: /home/momesso/snake_driver/install/snake_driver/share/snake_driver/environment/path.dsv
[0.210s] -- Up-to-date: /home/momesso/snake_driver/install/snake_driver/share/snake_driver/local_setup.bash
[0.210s] -- Up-to-date: /home/momesso/snake_driver/install/snake_driver/share/snake_driver/local_setup.sh
[0.210s] -- Up-to-date: /home/momesso/snake_driver/install/snake_driver/share/snake_driver/local_setup.zsh
[0.210s] -- Up-to-date: /home/momesso/snake_driver/install/snake_driver/share/snake_driver/local_setup.dsv
[0.211s] -- Installing: /home/momesso/snake_driver/install/snake_driver/share/snake_driver/package.dsv
[0.211s] -- Up-to-date: /home/momesso/snake_driver/install/snake_driver/share/ament_index/resource_index/packages/snake_driver
[0.211s] -- Up-to-date: /home/momesso/snake_driver/install/snake_driver/share/snake_driver/cmake/snake_driverConfig.cmake
[0.211s] -- Up-to-date: /home/momesso/snake_driver/install/snake_driver/share/snake_driver/cmake/snake_driverConfig-version.cmake
[0.212s] -- Up-to-date: /home/momesso/snake_driver/install/snake_driver/share/snake_driver/package.xml
[0.212s] Invoked command in '/home/momesso/snake_driver/build/snake_driver' returned '0': CMAKE_PREFIX_PATH=${CMAKE_PREFIX_PATH}:/home/momesso/snake_driver/install/serial_ctrl:/opt/ros/humble /usr/bin/cmake --install /home/momesso/snake_driver/build/snake_driver
